mode: set
github.com/kweaver-ai/dsg/services/apps/data-semantic/api/internal/logic/data_semantic/delete_business_objects_logic.go:22.113,28.2 1 1
github.com/kweaver-ai/dsg/services/apps/data-semantic/api/internal/logic/data_semantic/delete_business_objects_logic.go:30.148,67.2 4 1
github.com/kweaver-ai/dsg/services/apps/data-semantic/api/internal/logic/data_semantic/generate_understanding_logic.go:22.113,28.2 1 1
github.com/kweaver-ai/dsg/services/apps/data-semantic/api/internal/logic/data_semantic/generate_understanding_logic.go:30.148,68.2 3 1
github.com/kweaver-ai/dsg/services/apps/data-semantic/api/internal/logic/data_semantic/get_business_objects_logic.go:22.107,28.2 1 1
github.com/kweaver-ai/dsg/services/apps/data-semantic/api/internal/logic/data_semantic/get_business_objects_logic.go:30.136,44.27 4 1
github.com/kweaver-ai/dsg/services/apps/data-semantic/api/internal/logic/data_semantic/get_business_objects_logic.go:44.27,51.3 2 1
github.com/kweaver-ai/dsg/services/apps/data-semantic/api/internal/logic/data_semantic/get_business_objects_logic.go:74.2,79.18 2 0
github.com/kweaver-ai/dsg/services/apps/data-semantic/api/internal/logic/data_semantic/get_fields_logic.go:22.89,28.2 1 1
github.com/kweaver-ai/dsg/services/apps/data-semantic/api/internal/logic/data_semantic/get_fields_logic.go:30.100,45.27 5 1
github.com/kweaver-ai/dsg/services/apps/data-semantic/api/internal/logic/data_semantic/get_fields_logic.go:45.27,55.3 2 1
github.com/kweaver-ai/dsg/services/apps/data-semantic/api/internal/logic/data_semantic/get_fields_logic.go:70.2,78.18 2 0
github.com/kweaver-ai/dsg/services/apps/data-semantic/api/internal/logic/data_semantic/get_status_logic.go:22.89,28.2 1 1
github.com/kweaver-ai/dsg/services/apps/data-semantic/api/internal/logic/data_semantic/get_status_logic.go:30.100,46.2 2 1
github.com/kweaver-ai/dsg/services/apps/data-semantic/api/internal/logic/data_semantic/move_attribute_logic.go:22.97,28.2 1 1
github.com/kweaver-ai/dsg/services/apps/data-semantic/api/internal/logic/data_semantic/move_attribute_logic.go:30.116,55.2 4 1
github.com/kweaver-ai/dsg/services/apps/data-semantic/api/internal/logic/data_semantic/regenerate_business_objects_logic.go:22.121,28.2 1 1
github.com/kweaver-ai/dsg/services/apps/data-semantic/api/internal/logic/data_semantic/regenerate_business_objects_logic.go:30.164,64.2 4 1
github.com/kweaver-ai/dsg/services/apps/data-semantic/api/internal/logic/data_semantic/save_business_objects_logic.go:22.109,28.2 1 1
github.com/kweaver-ai/dsg/services/apps/data-semantic/api/internal/logic/data_semantic/save_business_objects_logic.go:30.140,35.26 2 1
github.com/kweaver-ai/dsg/services/apps/data-semantic/api/internal/logic/data_semantic/save_business_objects_logic.go:35.26,40.3 1 1
github.com/kweaver-ai/dsg/services/apps/data-semantic/api/internal/logic/data_semantic/save_business_objects_logic.go:40.8,40.36 1 1
github.com/kweaver-ai/dsg/services/apps/data-semantic/api/internal/logic/data_semantic/save_business_objects_logic.go:40.36,45.3 1 1
github.com/kweaver-ai/dsg/services/apps/data-semantic/api/internal/logic/data_semantic/save_business_objects_logic.go:49.2,53.18 2 1
github.com/kweaver-ai/dsg/services/apps/data-semantic/api/internal/logic/data_semantic/save_semantic_info_logic.go:22.103,28.2 1 1
github.com/kweaver-ai/dsg/services/apps/data-semantic/api/internal/logic/data_semantic/save_semantic_info_logic.go:30.128,35.26 2 1
github.com/kweaver-ai/dsg/services/apps/data-semantic/api/internal/logic/data_semantic/save_semantic_info_logic.go:35.26,41.3 1 1
github.com/kweaver-ai/dsg/services/apps/data-semantic/api/internal/logic/data_semantic/save_semantic_info_logic.go:44.2,44.26 1 1
github.com/kweaver-ai/dsg/services/apps/data-semantic/api/internal/logic/data_semantic/save_semantic_info_logic.go:44.26,50.3 1 1
github.com/kweaver-ai/dsg/services/apps/data-semantic/api/internal/logic/data_semantic/save_semantic_info_logic.go:54.2,58.18 2 1
github.com/kweaver-ai/dsg/services/apps/data-semantic/api/internal/logic/data_semantic/submit_understanding_logic.go:22.109,28.2 1 1
github.com/kweaver-ai/dsg/services/apps/data-semantic/api/internal/logic/data_semantic/submit_understanding_logic.go:30.140,85.2 4 1
